\BOOKMARK [0][-]{toc.0}{\376\377\000\315\000N\000D\000I\000C\000E\000\040\000D\000E\000\040\000C\000O\000N\000T\000E\000N\000I\000D\000O\000S}{}% 1
\BOOKMARK [0][-]{section*.1}{\376\377\000\315\000N\000D\000I\000C\000E\000\040\000D\000E\000\040\000F\000I\000G\000U\000R\000A\000S}{}% 2
\BOOKMARK [0][-]{section*.2}{\376\377\000\315\000N\000D\000I\000C\000E\000\040\000D\000E\000\040\000T\000A\000B\000L\000A\000S}{}% 3
\BOOKMARK [0][-]{chapter*.4}{\376\377\000A\000B\000S\000T\000R\000A\000C\000T}{}% 4
\BOOKMARK [0][-]{chapter*.6}{\376\377\000R\000E\000S\000U\000M\000E\000N}{}% 5
\BOOKMARK [0][-]{chapter.1}{\376\377\0001\000.\000\040\000I\000n\000t\000r\000o\000d\000u\000c\000c\000i\000\363\000n}{}% 6
\BOOKMARK [0][-]{chapter.2}{\376\377\0002\000.\000\040\000D\000e\000s\000c\000r\000i\000p\000c\000i\000\363\000n\000\040\000d\000e\000l\000\040\000p\000r\000o\000b\000l\000e\000m\000a}{}% 7
\BOOKMARK [1][-]{section.2.1}{\376\377\0002\000.\0001\000.\000\040\000C\000o\000n\000t\000e\000x\000t\000o\000\040\000y\000\040\000m\000o\000t\000i\000v\000a\000c\000i\000\363\000n}{chapter.2}% 8
\BOOKMARK [1][-]{section.2.2}{\376\377\0002\000.\0002\000.\000\040\000C\000i\000c\000l\000o\000\040\000o\000p\000e\000r\000a\000c\000i\000o\000n\000a\000l}{chapter.2}% 9
\BOOKMARK [1][-]{section.2.3}{\376\377\0002\000.\0003\000.\000\040\000P\000e\000r\000f\000i\000l\000e\000s\000\040\000d\000e\000\040\000r\000i\000e\000s\000g\000o}{chapter.2}% 10
\BOOKMARK [1][-]{section.2.4}{\376\377\0002\000.\0004\000.\000\040\000F\000o\000r\000m\000u\000l\000a\000c\000i\000\363\000n\000\040\000d\000e\000l\000\040\000p\000r\000o\000b\000l\000e\000m\000a}{chapter.2}% 11
\BOOKMARK [2][-]{subsection.2.4.1}{\376\377\0002\000.\0004\000.\0001\000.\000\040\000D\000e\000c\000i\000s\000i\000\363\000n\000\040\000p\000r\000i\000n\000c\000i\000p\000a\000l}{section.2.4}% 12
\BOOKMARK [2][-]{subsection.2.4.2}{\376\377\0002\000.\0004\000.\0002\000.\000\040\000O\000b\000j\000e\000t\000i\000v\000o\000s}{section.2.4}% 13
\BOOKMARK [2][-]{subsection.2.4.3}{\376\377\0002\000.\0004\000.\0003\000.\000\040\000R\000e\000s\000t\000r\000i\000c\000c\000i\000o\000n\000e\000s}{section.2.4}% 14
\BOOKMARK [1][-]{section.2.5}{\376\377\0002\000.\0005\000.\000\040\000D\000a\000t\000o\000s\000\040\000d\000i\000s\000p\000o\000n\000i\000b\000l\000e\000s}{chapter.2}% 15
\BOOKMARK [2][-]{subsection.2.5.1}{\376\377\0002\000.\0005\000.\0001\000.\000\040\000F\000u\000e\000n\000t\000e\000\040\000y\000\040\000e\000s\000t\000r\000u\000c\000t\000u\000r\000a}{section.2.5}% 16
\BOOKMARK [2][-]{subsection.2.5.2}{\376\377\0002\000.\0005\000.\0002\000.\000\040\000P\000r\000o\000c\000e\000s\000o\000\040\000d\000e\000\040\000f\000i\000l\000t\000r\000a\000d\000o}{section.2.5}% 17
\BOOKMARK [2][-]{subsection.2.5.3}{\376\377\0002\000.\0005\000.\0003\000.\000\040\000J\000u\000s\000t\000i\000f\000i\000c\000a\000c\000i\000\363\000n\000\040\000d\000e\000l\000\040\000f\000i\000l\000t\000r\000a\000d\000o}{section.2.5}% 18
\BOOKMARK [2][-]{subsection.2.5.4}{\376\377\0002\000.\0005\000.\0004\000.\000\040\000D\000i\000s\000e\000\361\000o\000\040\000e\000x\000p\000e\000r\000i\000m\000e\000n\000t\000a\000l\000:\000\040\000e\000s\000c\000e\000n\000a\000r\000i\000o\000s\000\040\000c\000o\000n\000\040\000y\000\040\000s\000i\000n\000\040\000p\000a\000n\000d\000e\000m\000i\000a}{section.2.5}% 19
\BOOKMARK [2][-]{subsection.2.5.5}{\376\377\0002\000.\0005\000.\0005\000.\000\040\000R\000i\000e\000s\000g\000o\000s\000\040\000y\000\040\000l\000i\000m\000i\000t\000a\000c\000i\000o\000n\000e\000s\000\040\000d\000e\000\040\000l\000o\000s\000\040\000d\000a\000t\000o\000s}{section.2.5}% 20
\BOOKMARK [0][-]{chapter.3}{\376\377\0003\000.\000\040\000M\000e\000t\000o\000d\000o\000l\000o\000g\000\355\000a}{}% 21
\BOOKMARK [1][-]{section.3.1}{\376\377\0003\000.\0001\000.\000\040\000R\000e\000v\000i\000s\000i\000\363\000n\000\040\000b\000i\000b\000l\000i\000o\000g\000r\000\341\000f\000i\000c\000a}{chapter.3}% 22
\BOOKMARK [2][-]{subsection.3.1.1}{\376\377\0003\000.\0001\000.\0001\000.\000\040\000M\000o\000d\000e\000l\000o\000s\000\040\000f\000u\000n\000d\000a\000m\000e\000n\000t\000a\000l\000e\000s\000\040\000d\000e\000\040\000o\000p\000t\000i\000m\000i\000z\000a\000c\000i\000\363\000n\000\040\000d\000e\000\040\000p\000o\000r\000t\000a\000f\000o\000l\000i\000o\000s}{section.3.1}% 23
\BOOKMARK [2][-]{subsection.3.1.2}{\376\377\0003\000.\0001\000.\0002\000.\000\040\000E\000l\000\040\000m\000o\000d\000e\000l\000o\000\040\000B\000l\000a\000c\000k\000-\000L\000i\000t\000t\000e\000r\000m\000a\000n}{section.3.1}% 24
\BOOKMARK [2][-]{subsection.3.1.3}{\376\377\0003\000.\0001\000.\0003\000.\000\040\000E\000s\000t\000i\000m\000a\000c\000i\000\363\000n\000\040\000d\000e\000\040\000c\000o\000v\000a\000r\000i\000a\000n\000z\000a\000s\000\040\000y\000\040\000m\000e\000d\000i\000d\000a\000s\000\040\000d\000e\000\040\000r\000i\000e\000s\000g\000o}{section.3.1}% 25
\BOOKMARK [2][-]{subsection.3.1.4}{\376\377\0003\000.\0001\000.\0004\000.\000\040\000S\000i\000s\000t\000e\000m\000a\000s\000\040\000d\000e\000\040\000a\000s\000e\000s\000o\000r\000\355\000a\000\040\000f\000i\000n\000a\000n\000c\000i\000e\000r\000a\000\040\000a\000u\000t\000o\000m\000a\000t\000i\000z\000a\000d\000a}{section.3.1}% 26
\BOOKMARK [2][-]{subsection.3.1.5}{\376\377\0003\000.\0001\000.\0005\000.\000\040\000F\000o\000r\000t\000a\000l\000e\000z\000a\000s\000\040\000y\000\040\000d\000e\000b\000i\000l\000i\000d\000a\000d\000e\000s\000\040\000d\000e\000\040\000l\000a\000\040\000m\000e\000t\000o\000d\000o\000l\000o\000g\000\355\000a\000\040\000s\000e\000l\000e\000c\000c\000i\000o\000n\000a\000d\000a}{section.3.1}% 27
\BOOKMARK [1][-]{section.3.2}{\376\377\0003\000.\0002\000.\000\040\000A\000r\000q\000u\000i\000t\000e\000c\000t\000u\000r\000a\000\040\000g\000e\000n\000e\000r\000a\000l\000\040\000d\000e\000l\000\040\000s\000i\000s\000t\000e\000m\000a}{chapter.3}% 28
\BOOKMARK [1][-]{section.3.3}{\376\377\0003\000.\0003\000.\000\040\000E\000s\000t\000i\000m\000a\000c\000i\000\363\000n\000\040\000d\000e\000\040\000p\000a\000r\000\341\000m\000e\000t\000r\000o\000s}{chapter.3}% 29
\BOOKMARK [2][-]{subsection.3.3.1}{\376\377\0003\000.\0003\000.\0001\000.\000\040\000R\000e\000t\000o\000r\000n\000o\000s\000\040\000e\000s\000p\000e\000r\000a\000d\000o\000s}{section.3.3}% 30
\BOOKMARK [2][-]{subsection.3.3.2}{\376\377\0003\000.\0003\000.\0002\000.\000\040\000M\000a\000t\000r\000i\000z\000\040\000d\000e\000\040\000c\000o\000v\000a\000r\000i\000a\000n\000z\000a\000s\000\040\000c\000o\000n\000\040\000s\000h\000r\000i\000n\000k\000a\000g\000e}{section.3.3}% 31
\BOOKMARK [2][-]{subsection.3.3.3}{\376\377\0003\000.\0003\000.\0003\000.\000\040\000A\000n\000u\000a\000l\000i\000z\000a\000c\000i\000\363\000n}{section.3.3}% 32
\BOOKMARK [1][-]{section.3.4}{\376\377\0003\000.\0004\000.\000\040\000O\000p\000t\000i\000m\000i\000z\000a\000c\000i\000\363\000n\000\040\000m\000e\000d\000i\000a\000-\000v\000a\000r\000i\000a\000n\000z\000a\000\040\000d\000e\000\040\000M\000a\000r\000k\000o\000w\000i\000t\000z}{chapter.3}% 33
\BOOKMARK [2][-]{subsection.3.4.1}{\376\377\0003\000.\0004\000.\0001\000.\000\040\000F\000o\000r\000m\000u\000l\000a\000c\000i\000\363\000n\000\040\000p\000o\000r\000\040\000p\000e\000r\000f\000i\000l\000\040\000d\000e\000\040\000r\000i\000e\000s\000g\000o}{section.3.4}% 34
\BOOKMARK [2][-]{subsection.3.4.2}{\376\377\0003\000.\0004\000.\0002\000.\000\040\000F\000r\000o\000n\000t\000e\000r\000a\000\040\000e\000f\000i\000c\000i\000e\000n\000t\000e\000\040\000y\000\040\000p\000o\000r\000t\000a\000f\000o\000l\000i\000o\000\040\000d\000e\000\040\000t\000a\000n\000g\000e\000n\000c\000i\000a}{section.3.4}% 35
\BOOKMARK [1][-]{section.3.5}{\376\377\0003\000.\0005\000.\000\040\000M\000o\000d\000e\000l\000o\000\040\000B\000l\000a\000c\000k\000-\000L\000i\000t\000t\000e\000r\000m\000a\000n}{chapter.3}% 36
\BOOKMARK [2][-]{subsection.3.5.1}{\376\377\0003\000.\0005\000.\0001\000.\000\040\000P\000r\000i\000o\000r\000\040\000d\000e\000\040\000e\000q\000u\000i\000l\000i\000b\000r\000i\000o\000\040\000d\000e\000\040\000m\000e\000r\000c\000a\000d\000o}{section.3.5}% 37
\BOOKMARK [2][-]{subsection.3.5.2}{\376\377\0003\000.\0005\000.\0002\000.\000\040\000I\000n\000c\000o\000r\000p\000o\000r\000a\000c\000i\000\363\000n\000\040\000d\000e\000\040\000v\000i\000e\000w\000s}{section.3.5}% 38
\BOOKMARK [2][-]{subsection.3.5.3}{\376\377\0003\000.\0005\000.\0003\000.\000\040\000C\000o\000n\000s\000t\000r\000u\000c\000c\000i\000\363\000n\000\040\000d\000e\000\040\000v\000i\000e\000w\000s}{section.3.5}% 39
\BOOKMARK [1][-]{section.3.6}{\376\377\0003\000.\0006\000.\000\040\000S\000i\000m\000u\000l\000a\000c\000i\000\363\000n\000\040\000M\000o\000n\000t\000e\000\040\000C\000a\000r\000l\000o\000\040\000\050\000P\0004\000\051}{chapter.3}% 40
\BOOKMARK [2][-]{subsection.3.6.1}{\376\377\0003\000.\0006\000.\0001\000.\000\040\000O\000b\000j\000e\000t\000i\000v\000o}{section.3.6}% 41
\BOOKMARK [2][-]{subsection.3.6.2}{\376\377\0003\000.\0006\000.\0002\000.\000\040\000F\000u\000n\000c\000i\000o\000n\000e\000s\000\040\000d\000e\000\040\000c\000o\000m\000p\000o\000r\000t\000a\000m\000i\000e\000n\000t\000o\000\040\000d\000e\000l\000\040\000c\000l\000i\000e\000n\000t\000e}{section.3.6}% 42
\BOOKMARK [2][-]{subsection.3.6.3}{\376\377\0003\000.\0006\000.\0003\000.\000\040\000E\000s\000t\000r\000u\000c\000t\000u\000r\000a\000\040\000d\000e\000\040\000l\000a\000\040\000s\000i\000m\000u\000l\000a\000c\000i\000\363\000n}{section.3.6}% 43
\BOOKMARK [2][-]{subsection.3.6.4}{\376\377\0003\000.\0006\000.\0004\000.\000\040\000E\000s\000c\000e\000n\000a\000r\000i\000o\000s\000\040\000p\000r\000o\000y\000e\000c\000t\000a\000d\000o\000s}{section.3.6}% 44
\BOOKMARK [2][-]{subsection.3.6.5}{\376\377\0003\000.\0006\000.\0005\000.\000\040\000R\000e\000p\000r\000o\000d\000u\000c\000i\000b\000i\000l\000i\000d\000a\000d}{section.3.6}% 45
\BOOKMARK [1][-]{section.3.7}{\376\377\0003\000.\0007\000.\000\040\000A\000n\000\341\000l\000i\000s\000i\000s\000\040\000d\000i\000s\000t\000r\000i\000b\000u\000c\000i\000o\000n\000a\000l\000\040\000d\000e\000\040\000r\000e\000t\000o\000r\000n\000o\000s}{chapter.3}% 46
\BOOKMARK [1][-]{section.3.8}{\376\377\0003\000.\0008\000.\000\040\000V\000a\000l\000i\000d\000a\000c\000i\000\363\000n\000\040\000r\000o\000b\000u\000s\000t\000a}{chapter.3}% 47
\BOOKMARK [0][-]{chapter.4}{\376\377\0004\000.\000\040\000S\000u\000p\000u\000e\000s\000t\000o\000s}{}% 48
\BOOKMARK [0][-]{chapter.5}{\376\377\0005\000.\000\040\000K\000P\000I\000s}{}% 49
\BOOKMARK [0][-]{chapter.6}{\376\377\0006\000.\000\040\000C\000a\000s\000o\000\040\000B\000a\000s\000e}{}% 50
\BOOKMARK [1][-]{section.6.1}{\376\377\0006\000.\0001\000.\000\040\000B\000e\000n\000c\000h\000m\000a\000r\000k\000\040\000e\000q\000u\000i\000p\000o\000n\000d\000e\000r\000a\000d\000o}{chapter.6}% 51
\BOOKMARK [1][-]{section.6.2}{\376\377\0006\000.\0002\000.\000\040\000M\000\351\000t\000r\000i\000c\000a\000s\000\040\000d\000e\000l\000\040\000c\000a\000s\000o\000\040\000b\000a\000s\000e}{chapter.6}% 52
\BOOKMARK [1][-]{section.6.3}{\376\377\0006\000.\0003\000.\000\040\000V\000a\000l\000i\000d\000a\000c\000i\000\363\000n\000\040\000c\000o\000m\000o\000\040\000l\000\355\000n\000e\000a\000\040\000b\000a\000s\000e}{chapter.6}% 53
\BOOKMARK [0][-]{chapter.7}{\376\377\0007\000.\000\040\000I\000m\000p\000l\000e\000m\000e\000n\000t\000a\000c\000i\000\363\000n\000\040\000y\000\040\000H\000e\000r\000r\000a\000m\000i\000e\000n\000t\000a\000s}{}% 54
\BOOKMARK [1][-]{section.7.1}{\376\377\0007\000.\0001\000.\000\040\000I\000m\000p\000l\000e\000m\000e\000n\000t\000a\000c\000i\000\363\000n\000\040\000y\000\040\000h\000e\000r\000r\000a\000m\000i\000e\000n\000t\000a\000s}{chapter.7}% 55
\BOOKMARK [0][-]{chapter.8}{\376\377\0008\000.\000\040\000R\000e\000s\000u\000l\000t\000a\000d\000o\000s\000\040\000y\000\040\000a\000n\000\341\000l\000i\000s\000i\000s}{}% 56
\BOOKMARK [1][-]{section.8.1}{\376\377\0008\000.\0001\000.\000\040\000A\000n\000\341\000l\000i\000s\000i\000s\000\040\000d\000i\000s\000t\000r\000i\000b\000u\000c\000i\000o\000n\000a\000l\000\040\000d\000e\000\040\000r\000e\000t\000o\000r\000n\000o\000s}{chapter.8}% 57
\BOOKMARK [1][-]{section.8.2}{\376\377\0008\000.\0002\000.\000\040\000M\000a\000r\000k\000o\000w\000i\000t\000z\000\040\000v\000s\000\040\000b\000e\000n\000c\000h\000m\000a\000r\000k}{chapter.8}% 58
\BOOKMARK [2][-]{subsection.8.2.1}{\376\377\0008\000.\0002\000.\0001\000.\000\040\000I\000m\000p\000a\000c\000t\000o\000\040\000d\000e\000\040\000l\000a\000\040\000p\000a\000n\000d\000e\000m\000i\000a\000\040\000e\000n\000\040\000M\000a\000r\000k\000o\000w\000i\000t\000z}{section.8.2}% 59
\BOOKMARK [2][-]{subsection.8.2.2}{\376\377\0008\000.\0002\000.\0002\000.\000\040\000V\000a\000l\000i\000d\000a\000c\000i\000\363\000n\000\040\000r\000o\000b\000u\000s\000t\000a}{section.8.2}% 60
\BOOKMARK [1][-]{section.8.3}{\376\377\0008\000.\0003\000.\000\040\000B\000l\000a\000c\000k\000-\000L\000i\000t\000t\000e\000r\000m\000a\000n}{chapter.8}% 61
\BOOKMARK [1][-]{section.8.4}{\376\377\0008\000.\0004\000.\000\040\000S\000i\000m\000u\000l\000a\000c\000i\000\363\000n\000\040\000M\000o\000n\000t\000e\000\040\000C\000a\000r\000l\000o\000\040\000\050\000P\0004\000\051}{chapter.8}% 62
\BOOKMARK [1][-]{section.8.5}{\376\377\0008\000.\0005\000.\000\040\000A\000n\000\341\000l\000i\000s\000i\000s\000\040\000i\000n\000t\000e\000g\000r\000a\000d\000o}{chapter.8}% 63
\BOOKMARK [0][-]{chapter.9}{\376\377\0009\000.\000\040\000C\000o\000n\000c\000l\000u\000s\000i\000o\000n\000e\000s}{}% 64
\BOOKMARK [1][-]{section.9.1}{\376\377\0009\000.\0001\000.\000\040\000C\000o\000n\000c\000l\000u\000s\000i\000o\000n\000e\000s\000\040\000p\000r\000i\000n\000c\000i\000p\000a\000l\000e\000s\000\040\000y\000\040\000a\000n\000\341\000l\000i\000s\000i\000s\000\040\000d\000e\000\040\000m\000e\000t\000o\000d\000o\000l\000o\000g\000\355\000a}{chapter.9}% 65
\BOOKMARK [1][-]{section.9.2}{\376\377\0009\000.\0002\000.\000\040\000C\000a\000r\000t\000a\000\040\000G\000a\000n\000t\000t\000:\000\040\000a\000v\000a\000n\000c\000e\000\040\000y\000\040\000f\000a\000s\000e\000s\000\040\000r\000e\000s\000t\000a\000n\000t\000e\000s}{chapter.9}% 66
\BOOKMARK [0][-]{chapter*.19}{\376\377\000R\000e\000f\000e\000r\000e\000n\000c\000i\000a\000s}{}% 67
\BOOKMARK [0][-]{chapter*.21}{\376\377\000A\000n\000e\000x\000o\000\040\000N\000\260\0001\000:\000\040\000D\000e\000c\000l\000a\000r\000a\000c\000i\000\363\000n\000\040\000d\000e\000\040\000u\000s\000o\000\040\000d\000e\000\040\000I\000A\000\040\000e\000n\000\040\000e\000s\000t\000e\000\040\000i\000n\000f\000o\000r\000m\000e\000\040\000y\000\040\000p\000r\000e\000s\000e\000n\000t\000a\000c\000i\000\363\000n\000\040\000a\000s\000o\000c\000i\000a\000d\000a}{}% 68
\BOOKMARK [0][-]{chapter*.23}{\376\377\000A\000n\000e\000x\000o\000\040\000N\000\260\0002\000:\000\040\000A\000n\000\341\000l\000i\000s\000i\000s\000\040\000d\000e\000\040\000d\000a\000t\000o\000s}{}% 69
\BOOKMARK [1][-]{section*.24}{\376\377\000D\000e\000s\000c\000r\000i\000p\000c\000i\000\363\000n\000\040\000d\000e\000\040\000l\000a\000\040\000F\000u\000e\000n\000t\000e\000\040\000d\000e\000\040\000D\000a\000t\000o\000s}{chapter*.23}% 70
\BOOKMARK [2][-]{section*.25}{\376\377\000E\000s\000t\000r\000u\000c\000t\000u\000r\000a\000\040\000d\000e\000\040\000a\000r\000c\000h\000i\000v\000o\000s}{section*.24}% 71
\BOOKMARK [2][-]{section*.26}{\376\377\000F\000o\000r\000m\000a\000t\000o\000\040\000d\000e\000\040\000l\000o\000s\000\040\000C\000S\000V}{section*.24}% 72
\BOOKMARK [2][-]{section*.27}{\376\377\000C\000o\000b\000e\000r\000t\000u\000r\000a\000\040\000t\000e\000m\000p\000o\000r\000a\000l}{section*.24}% 73
\BOOKMARK [2][-]{section*.28}{\376\377\000T\000r\000a\000t\000a\000m\000i\000e\000n\000t\000o\000\040\000t\000e\000m\000p\000o\000r\000a\000l\000\040\000d\000e\000\040\000l\000a\000\040\000p\000a\000n\000d\000e\000m\000i\000a}{section*.24}% 74
\BOOKMARK [1][-]{section*.29}{\376\377\000C\000l\000a\000s\000i\000f\000i\000c\000a\000c\000i\000\363\000n\000\040\000S\000e\000c\000t\000o\000r\000i\000a\000l}{chapter*.23}% 75
\BOOKMARK [2][-]{section*.30}{\376\377\000S\000i\000s\000t\000e\000m\000a\000\040\000d\000e\000\040\000c\000l\000a\000s\000i\000f\000i\000c\000a\000c\000i\000\363\000n}{section*.29}% 76
\BOOKMARK [2][-]{section*.31}{\376\377\000D\000i\000s\000t\000r\000i\000b\000u\000c\000i\000\363\000n\000\040\000s\000e\000c\000t\000o\000r\000i\000a\000l\000\040\000d\000e\000l\000\040\000u\000n\000i\000v\000e\000r\000s\000o\000\040\000c\000o\000m\000p\000l\000e\000t\000o}{section*.29}% 77
\BOOKMARK [2][-]{section*.33}{\376\377\000S\000u\000b\000s\000e\000c\000t\000o\000r\000e\000s\000\040\000p\000r\000e\000d\000o\000m\000i\000n\000a\000n\000t\000e\000s\000\040\000e\000n\000\040\000F\000i\000n\000a\000n\000c\000i\000a\000l\000\040\000S\000e\000r\000v\000i\000c\000e\000s}{section*.29}% 78
\BOOKMARK [2][-]{section*.34}{\376\377\000T\000i\000p\000o\000s\000\040\000d\000e\000\040\000i\000n\000s\000t\000r\000u\000m\000e\000n\000t\000o}{section*.29}% 79
\BOOKMARK [1][-]{section*.35}{\376\377\000C\000a\000p\000i\000t\000a\000l\000i\000z\000a\000c\000i\000\363\000n\000\040\000d\000e\000\040\000M\000e\000r\000c\000a\000d\000o}{chapter*.23}% 80
\BOOKMARK [1][-]{section*.36}{\376\377\000N\000i\000v\000e\000l\000e\000s\000\040\000d\000e\000\040\000F\000i\000l\000t\000r\000a\000d\000o}{chapter*.23}% 81
\BOOKMARK [2][-]{section*.37}{\376\377\000R\000a\000z\000o\000n\000e\000s\000\040\000d\000e\000\040\000e\000x\000c\000l\000u\000s\000i\000\363\000n}{section*.36}% 82
\BOOKMARK [2][-]{section*.39}{\376\377\000D\000e\000f\000i\000n\000i\000c\000i\000\363\000n\000\040\000f\000o\000r\000m\000a\000l\000\040\000d\000e\000\040\000c\000a\000d\000a\000\040\000f\000i\000l\000t\000r\000o}{section*.36}% 83
\BOOKMARK [1][-]{section*.40}{\376\377\000U\000n\000i\000v\000e\000r\000s\000o\000\040\000F\000i\000n\000a\000l\000\040\000D\000e\000s\000c\000r\000i\000p\000t\000i\000v\000o\000:\000\040\0006\0003\0006\000\040\000A\000c\000c\000i\000o\000n\000e\000s}{chapter*.23}% 84
\BOOKMARK [2][-]{section*.41}{\376\377\000D\000i\000s\000t\000r\000i\000b\000u\000c\000i\000\363\000n\000\040\000s\000e\000c\000t\000o\000r\000i\000a\000l\000\040\000d\000e\000l\000\040\000u\000n\000i\000v\000e\000r\000s\000o\000\040\000f\000i\000n\000a\000l}{section*.40}% 85
\BOOKMARK [2][-]{section*.44}{\376\377\000R\000e\000p\000r\000e\000s\000e\000n\000t\000a\000n\000t\000e\000s\000\040\000p\000o\000r\000\040\000s\000e\000c\000t\000o\000r\000\040\000\050\000t\000o\000p\000\040\0005\000\040\000p\000o\000r\000\040\000c\000a\000p\000i\000t\000a\000l\000i\000z\000a\000c\000i\000\363\000n\000\051}{section*.40}% 86
\BOOKMARK [1][-]{section*.49}{\376\377\000U\000n\000i\000v\000e\000r\000s\000o\000\040\000O\000p\000e\000r\000a\000c\000i\000o\000n\000a\000l\000\040\000c\000o\000n\000\040\000I\000n\000c\000l\000u\000s\000i\000\363\000n\000\040\000d\000e\000\040\000P\000a\000n\000d\000e\000m\000i\000a\000:\000\040\0006\0000\0001\000\040\000A\000c\000c\000i\000o\000n\000e\000s}{chapter*.23}% 87
\BOOKMARK [2][-]{section*.50}{\376\377\000E\000s\000c\000e\000n\000a\000r\000i\000o\000s\000\040\000d\000e\000\040\000d\000a\000t\000o\000s}{section*.49}% 88
\BOOKMARK [2][-]{section*.53}{\376\377\000I\000n\000t\000e\000r\000p\000r\000e\000t\000a\000c\000i\000\363\000n\000\040\000m\000e\000t\000o\000d\000o\000l\000\363\000g\000i\000c\000a}{section*.49}% 89
\BOOKMARK [2][-]{section*.54}{\376\377\000E\000f\000e\000c\000t\000o\000\040\000o\000b\000s\000e\000r\000v\000a\000d\000o\000\040\000e\000n\000\040\000r\000e\000s\000u\000l\000t\000a\000d\000o\000s}{section*.49}% 90
\BOOKMARK [1][-]{section*.56}{\376\377\000I\000m\000p\000l\000i\000c\000a\000c\000i\000o\000n\000e\000s\000\040\000p\000a\000r\000a\000\040\000e\000l\000\040\000M\000o\000d\000e\000l\000o\000\040\000d\000e\000\040\000O\000p\000t\000i\000m\000i\000z\000a\000c\000i\000\363\000n}{chapter*.23}% 91
\BOOKMARK [2][-]{section*.57}{\376\377\000C\000o\000n\000e\000x\000i\000\363\000n\000\040\000c\000o\000n\000\040\000p\000a\000r\000\341\000m\000e\000t\000r\000o\000s\000\040\000d\000e\000l\000\040\000m\000o\000d\000e\000l\000o}{section*.56}% 92
\BOOKMARK [2][-]{section*.59}{\376\377\000S\000u\000b\000-\000u\000n\000i\000v\000e\000r\000s\000o\000s\000\040\000r\000e\000c\000o\000m\000e\000n\000d\000a\000d\000o\000s\000\040\000p\000o\000r\000\040\000p\000e\000r\000f\000i\000l\000\040\000d\000e\000\040\000r\000i\000e\000s\000g\000o}{section*.56}% 93
\BOOKMARK [2][-]{section*.61}{\376\377\000C\000o\000n\000s\000i\000d\000e\000r\000a\000c\000i\000o\000n\000e\000s\000\040\000s\000o\000b\000r\000e\000\040\000l\000a\000\040\000c\000a\000j\000a\000\040\000c\000h\000i\000c\000a}{section*.56}% 94
\BOOKMARK [2][-]{section*.62}{\376\377\000I\000m\000p\000l\000i\000c\000a\000n\000c\000i\000a\000\040\000d\000e\000\040\000l\000a\000\040\000p\000a\000n\000d\000e\000m\000i\000a\000\040\000p\000a\000r\000a\000\040\000l\000o\000s\000\040\000p\000a\000r\000\341\000m\000e\000t\000r\000o\000s}{section*.56}% 95
\BOOKMARK [1][-]{section*.63}{\376\377\000C\000o\000n\000c\000l\000u\000s\000i\000\363\000n}{chapter*.23}% 96
\BOOKMARK [0][-]{chapter*.65}{\376\377\000A\000n\000e\000x\000o\000\040\000N\000\260\0003\000:\000\040\000A\000n\000\341\000l\000i\000s\000i\000s\000\040\000d\000e\000\040\000a\000j\000u\000s\000t\000e\000\040\000d\000e\000\040\000d\000i\000s\000t\000r\000i\000b\000u\000c\000i\000o\000n\000e\000s}{}% 97
\BOOKMARK [1][-]{section*.66}{\376\377\000R\000e\000s\000u\000m\000e\000n}{chapter*.65}% 98
\BOOKMARK [1][-]{section*.67}{\376\377\000M\000e\000t\000o\000d\000o\000l\000o\000g\000\355\000a\000\040\000d\000e\000\040\000c\000\341\000l\000c\000u\000l\000o}{chapter*.65}% 99
\BOOKMARK [1][-]{section*.69}{\376\377\000P\000r\000u\000e\000b\000a\000s\000\040\000d\000e\000\040\000n\000o\000r\000m\000a\000l\000i\000d\000a\000d\000\040\000y\000\040\000d\000i\000s\000t\000r\000i\000b\000u\000c\000i\000o\000n\000e\000s\000\040\000c\000a\000n\000d\000i\000d\000a\000t\000a\000s}{chapter*.65}% 100
\BOOKMARK [1][-]{section*.71}{\376\377\000A\000r\000c\000h\000i\000v\000o\000s\000\040\000g\000e\000n\000e\000r\000a\000d\000o\000s}{chapter*.65}% 101
\BOOKMARK [1][-]{section*.73}{\376\377\000R\000e\000s\000u\000l\000t\000a\000d\000o\000s\000\040\000o\000b\000t\000e\000n\000i\000d\000o\000s}{chapter*.65}% 102
\BOOKMARK [1][-]{section*.77}{\376\377\000D\000i\000s\000c\000u\000s\000i\000\363\000n\000\040\000e\000\040\000i\000m\000p\000l\000i\000c\000a\000n\000c\000i\000a\000s\000\040\000p\000a\000r\000a\000\040\000e\000l\000\040\000m\000o\000d\000e\000l\000o}{chapter*.65}% 103
\BOOKMARK [1][-]{section*.78}{\376\377\000L\000i\000m\000i\000t\000a\000c\000i\000o\000n\000e\000s}{chapter*.65}% 104
\BOOKMARK [1][-]{section*.79}{\376\377\000C\000o\000n\000c\000l\000u\000s\000i\000o\000n\000e\000s\000\040\000d\000e\000l\000\040\000a\000n\000e\000x\000o}{chapter*.65}% 105
\BOOKMARK [0][-]{chapter*.81}{\376\377\000A\000n\000e\000x\000o\000\040\000N\000\260\0004\000:\000\040\000A\000n\000\341\000l\000i\000s\000i\000s\000\040\000d\000e\000\040\000m\000e\000t\000o\000d\000o\000l\000o\000g\000\355\000a\000s\000\040\000y\000\040\000c\000\363\000d\000i\000g\000o\000\040\000r\000e\000l\000a\000c\000i\000o\000n\000a\000d\000o}{}% 106
\BOOKMARK [1][-]{section*.82}{\376\377\000M\000a\000r\000k\000o\000w\000i\000t\000z\000\040\000v\000s\000\040\000B\000e\000n\000c\000h\000m\000a\000r\000k}{chapter*.81}% 107
\BOOKMARK [2][-]{section*.83}{\376\377\000R\000e\000s\000u\000m\000e\000n}{section*.82}% 108
\BOOKMARK [2][-]{section*.84}{\376\377\000F\000u\000n\000d\000a\000m\000e\000n\000t\000o\000s\000\040\000m\000e\000t\000o\000d\000o\000l\000\363\000g\000i\000c\000o\000s}{section*.82}% 109
\BOOKMARK [2][-]{section*.85}{\376\377\000S\000u\000p\000u\000e\000s\000t\000o\000s\000\040\000d\000e\000l\000\040\000e\000x\000p\000e\000r\000i\000m\000e\000n\000t\000o}{section*.82}% 110
\BOOKMARK [2][-]{section*.86}{\376\377\000E\000s\000t\000r\000u\000c\000t\000u\000r\000a\000\040\000d\000e\000l\000\040\000n\000o\000t\000e\000b\000o\000o\000k}{section*.82}% 111
\BOOKMARK [2][-]{section*.88}{\376\377\000K\000P\000I\000s\000\040\000u\000t\000i\000l\000i\000z\000a\000d\000o\000s}{section*.82}% 112
\BOOKMARK [2][-]{section*.89}{\376\377\000R\000e\000s\000u\000l\000t\000a\000d\000o\000s\000\040\000d\000e\000l\000\040\000e\000x\000p\000e\000r\000i\000m\000e\000n\000t\000o\000\040\000p\000a\000n\000d\000e\000m\000i\000a}{section*.82}% 113
\BOOKMARK [2][-]{section*.92}{\376\377\000R\000e\000b\000a\000l\000a\000n\000c\000e\000o}{section*.82}% 114
\BOOKMARK [2][-]{section*.93}{\376\377\000S\000p\000l\000i\000t\000s\000\040\000a\000l\000e\000a\000t\000o\000r\000i\000o\000s}{section*.82}% 115
\BOOKMARK [2][-]{section*.96}{\376\377\000E\000v\000a\000l\000u\000a\000c\000i\000\363\000n\000\040\000r\000o\000b\000u\000s\000t\000a}{section*.82}% 116
\BOOKMARK [2][-]{section*.98}{\376\377\000I\000m\000p\000l\000i\000c\000a\000n\000c\000i\000a\000s\000\040\000y\000\040\000c\000o\000n\000c\000l\000u\000s\000i\000o\000n\000e\000s}{section*.82}% 117
\BOOKMARK [1][-]{section*.99}{\376\377\000B\000l\000a\000c\000k\000-\000L\000i\000t\000t\000e\000r\000m\000a\000n}{chapter*.81}% 118
\BOOKMARK [2][-]{section*.100}{\376\377\000R\000e\000s\000u\000m\000e\000n}{section*.99}% 119
\BOOKMARK [2][-]{section*.102}{\376\377\000F\000u\000n\000d\000a\000m\000e\000n\000t\000o\000s\000\040\000m\000e\000t\000o\000d\000o\000l\000\363\000g\000i\000c\000o\000s}{section*.99}% 120
\BOOKMARK [2][-]{section*.103}{\376\377\000S\000u\000p\000u\000e\000s\000t\000o\000s\000\040\000d\000e\000l\000\040\000e\000x\000p\000e\000r\000i\000m\000e\000n\000t\000o}{section*.99}% 121
\BOOKMARK [2][-]{section*.105}{\376\377\000E\000s\000t\000r\000u\000c\000t\000u\000r\000a\000\040\000d\000e\000l\000\040\000n\000o\000t\000e\000b\000o\000o\000k}{section*.99}% 122
\BOOKMARK [2][-]{section*.109}{\376\377\000K\000P\000I\000s\000\040\000u\000t\000i\000l\000i\000z\000a\000d\000o\000s}{section*.99}% 123
\BOOKMARK [2][-]{section*.110}{\376\377\000R\000e\000s\000u\000l\000t\000a\000d\000o\000s\000\040\000d\000e\000l\000\040\000e\000x\000p\000e\000r\000i\000m\000e\000n\000t\000o\000\040\000p\000a\000n\000d\000e\000m\000i\000a}{section*.99}% 124
\BOOKMARK [2][-]{section*.114}{\376\377\000R\000e\000b\000a\000l\000a\000n\000c\000e\000o}{section*.99}% 125
\BOOKMARK [2][-]{section*.115}{\376\377\000S\000p\000l\000i\000t\000s\000\040\000a\000l\000e\000a\000t\000o\000r\000i\000o\000s}{section*.99}% 126
\BOOKMARK [2][-]{section*.117}{\376\377\000E\000v\000a\000l\000u\000a\000c\000i\000\363\000n\000\040\000r\000o\000b\000u\000s\000t\000a}{section*.99}% 127
\BOOKMARK [2][-]{section*.119}{\376\377\000I\000m\000p\000l\000i\000c\000a\000n\000c\000i\000a\000s\000\040\000y\000\040\000c\000o\000n\000c\000l\000u\000s\000i\000o\000n\000e\000s}{section*.99}% 128
\BOOKMARK [1][-]{section*.120}{\376\377\000S\000i\000m\000u\000l\000a\000c\000i\000\363\000n\000\040\000M\000o\000n\000t\000e\000\040\000C\000a\000r\000l\000o}{chapter*.81}% 129
\BOOKMARK [2][-]{section*.121}{\376\377\000R\000e\000s\000u\000m\000e\000n}{section*.120}% 130
\BOOKMARK [2][-]{section*.122}{\376\377\000F\000u\000n\000d\000a\000m\000e\000n\000t\000o\000s\000\040\000m\000e\000t\000o\000d\000o\000l\000\363\000g\000i\000c\000o\000s}{section*.120}% 131
\BOOKMARK [2][-]{section*.123}{\376\377\000S\000u\000p\000u\000e\000s\000t\000o\000s\000\040\000d\000e\000l\000\040\000e\000x\000p\000e\000r\000i\000m\000e\000n\000t\000o}{section*.120}% 132
\BOOKMARK [2][-]{section*.124}{\376\377\000E\000s\000t\000r\000u\000c\000t\000u\000r\000a\000\040\000d\000e\000l\000\040\000n\000o\000t\000e\000b\000o\000o\000k}{section*.120}% 133
\BOOKMARK [2][-]{section*.126}{\376\377\000K\000P\000I\000s\000\040\000u\000t\000i\000l\000i\000z\000a\000d\000o\000s}{section*.120}% 134
\BOOKMARK [2][-]{section*.127}{\376\377\000R\000e\000s\000u\000l\000t\000a\000d\000o\000s\000\040\000d\000e\000l\000\040\000e\000x\000p\000e\000r\000i\000m\000e\000n\000t\000o\000\040\000p\000a\000n\000d\000e\000m\000i\000a}{section*.120}% 135
\BOOKMARK [2][-]{section*.130}{\376\377\000R\000e\000b\000a\000l\000a\000n\000c\000e\000o}{section*.120}% 136
\BOOKMARK [2][-]{section*.131}{\376\377\000S\000p\000l\000i\000t\000s\000\040\000a\000l\000e\000a\000t\000o\000r\000i\000o\000s}{section*.120}% 137
\BOOKMARK [2][-]{section*.132}{\376\377\000E\000v\000a\000l\000u\000a\000c\000i\000\363\000n\000\040\000r\000o\000b\000u\000s\000t\000a}{section*.120}% 138
\BOOKMARK [2][-]{section*.134}{\376\377\000I\000m\000p\000l\000i\000c\000a\000n\000c\000i\000a\000s\000\040\000y\000\040\000c\000o\000n\000c\000l\000u\000s\000i\000o\000n\000e\000s}{section*.120}% 139
\BOOKMARK [1][-]{section*.135}{\376\377\000C\000o\000n\000c\000l\000u\000s\000i\000\363\000n\000\040\000i\000n\000t\000e\000g\000r\000a\000d\000a}{chapter*.81}% 140
